\BOOKMARK [1][-]{section.1}{\376\377\000D\000e\000s\000c\000r\000i\000p\000t\000i\000o\000n\000\040\000a\000n\000d\000\040\000U\000R\000L\000s}{}% 1
\BOOKMARK [1][-]{section.2}{\376\377\000I\000n\000s\000t\000r\000u\000c\000t\000i\000o\000n\000s\000\040\000f\000o\000r\000\040\000d\000o\000w\000n\000l\000o\000a\000d\000i\000n\000g\000\040\000t\000h\000e\000\040\000s\000o\000u\000r\000c\000e\000\040\000d\000a\000t\000a}{}% 2
\BOOKMARK [1][-]{section.3}{\376\377\000U\000n\000z\000i\000p\000\040\000s\000o\000u\000r\000c\000e\000\040\000d\000a\000t\000a}{}% 3
\BOOKMARK [1][-]{section.4}{\376\377\000P\000a\000c\000k\000a\000g\000e\000s\000\040\000a\000n\000d\000\040\000f\000u\000n\000c\000t\000i\000o\000n\000s}{}% 4
\BOOKMARK [2][-]{subsection.4.1}{\376\377\000P\000a\000c\000k\000a\000g\000e\000s}{section.4}% 5
\BOOKMARK [2][-]{subsection.4.2}{\376\377\000C\000u\000s\000t\000o\000m\000\040\000f\000u\000n\000c\000t\000i\000o\000n\000s}{section.4}% 6
\BOOKMARK [1][-]{section.5}{\376\377\000A\000b\000b\000r\000e\000v\000i\000a\000t\000i\000o\000n\000s}{}% 7
\BOOKMARK [1][-]{section.6}{\376\377\000C\000o\000m\000m\000o\000n\000\040\000u\000s\000e\000\040\000o\000b\000j\000e\000c\000t\000s}{}% 8
\BOOKMARK [2][-]{subsection.6.1}{\376\377\000C\000o\000r\000e\000s\000\040\000f\000o\000r\000\040\000p\000a\000r\000a\000l\000l\000e\000l\000\040\000c\000o\000m\000p\000u\000t\000i\000n\000g}{section.6}% 9
\BOOKMARK [2][-]{subsection.6.2}{\376\377\000R\000e\000f\000e\000r\000e\000n\000c\000e\000\040\000l\000a\000y\000e\000r\000s}{section.6}% 10
\BOOKMARK [3][-]{subsubsection.6.2.1}{\376\377\000A\000d\000m\000i\000n\000i\000s\000t\000r\000a\000t\000i\000v\000e}{subsection.6.2}% 11
\BOOKMARK [3][-]{subsubsection.6.2.2}{\376\377\000P\000r\000o\000t\000e\000c\000t\000e\000d\000\040\000a\000r\000e\000a\000s}{subsection.6.2}% 12
\BOOKMARK [2][-]{subsection.6.3}{\376\377\000C\000u\000t\000l\000i\000n\000e\000\040\000f\000o\000r\000\040\000c\000r\000o\000p\000p\000i\000n\000g\000\040\000r\000a\000s\000t\000e\000r\000\040\000s\000o\000u\000r\000c\000e\000s}{section.6}% 13
\BOOKMARK [1][-]{section.7}{\376\377\000D\000o\000w\000n\000l\000o\000a\000d\000\040\000a\000n\000d\000\040\000p\000r\000e\000p\000a\000r\000e\000\040\000f\000o\000r\000e\000s\000t\000\040\000c\000o\000v\000e\000r\000\040\000a\000n\000d\000\040\000f\000o\000r\000e\000s\000t\000\040\000l\000o\000s\000s\000\040\000d\000a\000t\000a}{}% 14
\BOOKMARK [1][-]{section.8}{\376\377\000T\000r\000e\000e\000\040\000c\000o\000v\000e\000r\000,\000\040\000f\000o\000r\000e\000s\000t\000\040\000l\000o\000s\000s\000\040\000a\000n\000d\000\040\000f\000i\000r\000e\000\040\000l\000a\000y\000e\000r\000s\000:\000\040\000i\000m\000p\000o\000r\000t\000i\000n\000g\000\040\000a\000n\000d\000\040\000p\000l\000o\000t\000t\000i\000n\000g}{}% 15
\BOOKMARK [2][-]{subsection.8.1}{\376\377\000T\000r\000e\000e\000\040\000c\000a\000n\000o\000p\000y\000\040\000c\000o\000v\000e\000r\000\040\000o\000f\000\040\000y\000e\000a\000r\000\040\0002\0000\0000\0000}{section.8}% 16
\BOOKMARK [2][-]{subsection.8.2}{\376\377\000Y\000e\000a\000r\000\040\000o\000f\000\040\000g\000r\000o\000s\000s\000\040\000f\000o\000r\000e\000s\000t\000\040\000c\000o\000v\000e\000r\000\040\000l\000o\000s\000s\000\040\000\050\0002\0000\0000\0001\000-\0002\0000\0001\0008\000\051}{section.8}% 17
\BOOKMARK [2][-]{subsection.8.3}{\376\377\000H\000o\000t\000s\000p\000o\000t\000/\000f\000i\000r\000e\000\040\000l\000a\000y\000e\000r\000s\000\040\000\050\000M\0006\000\040\000a\000n\000d\000\040\000V\0001\000\051\000\040\000f\000o\000r\000\040\000t\000h\000e\000\040\000l\000o\000n\000g\000-\000t\000e\000r\000m\000\040\000a\000n\000a\000l\000y\000t\000i\000c\000a\000l\000\040\000a\000p\000p\000r\000o\000a\000c\000h}{section.8}% 18
\BOOKMARK [2][-]{subsection.8.4}{\376\377\000H\000o\000t\000s\000p\000o\000t\000/\000f\000i\000r\000e\000\040\000l\000a\000y\000e\000r\000s\000\040\000\050\000M\0006\000\040\000a\000n\000d\000\040\000V\0001\000\051\000\040\000f\000o\000r\000\040\000t\000h\000e\000\040\000a\000n\000n\000u\000a\000l\000\040\000a\000n\000a\000l\000y\000t\000i\000c\000a\000l\000\040\000a\000p\000p\000r\000o\000a\000c\000h}{section.8}% 19
\BOOKMARK [1][-]{section.9}{\376\377\000G\000r\000i\000d\000\040\000l\000a\000y\000e\000r\000s\000\040\000f\000o\000r\000\040\000m\000o\000d\000e\000l\000l\000i\000n\000g}{}% 20
\BOOKMARK [2][-]{subsection.9.1}{\376\377\000L\000o\000n\000g\000-\000t\000e\000r\000m\000\040\000a\000p\000p\000r\000o\000a\000c\000h\000\040\000a\000n\000a\000l\000y\000s\000i\000s\000\040\000g\000r\000i\000d}{section.9}% 21
\BOOKMARK [2][-]{subsection.9.2}{\376\377\000A\000n\000n\000u\000a\000l\000\040\000a\000p\000p\000r\000o\000a\000c\000h\000\040\000a\000n\000a\000l\000y\000s\000i\000s\000\040\000g\000r\000i\000d}{section.9}% 22
\BOOKMARK [1][-]{section.10}{\376\377\000Z\000o\000n\000a\000l\000\040\000s\000t\000a\000t\000i\000s\000t\000i\000c\000\040\000c\000o\000m\000p\000u\000t\000a\000t\000i\000o\000n\000s}{}% 23
\BOOKMARK [2][-]{subsection.10.1}{\376\377\000Z\000o\000n\000a\000l\000\040\000s\000t\000a\000t\000i\000s\000t\000i\000c\000s\000\040\000b\000y\000\040\000p\000r\000o\000v\000i\000n\000c\000e\000s}{section.10}% 24
\BOOKMARK [2][-]{subsection.10.2}{\376\377\000Z\000o\000n\000a\000l\000\040\000s\000t\000a\000t\000i\000s\000t\000i\000c\000s\000\040\000b\000y\000\040\000m\000u\000n\000i\000c\000i\000p\000a\000l\000i\000t\000i\000e\000s}{section.10}% 25
\BOOKMARK [2][-]{subsection.10.3}{\376\377\000Z\000o\000n\000a\000l\000\040\000s\000t\000a\000t\000i\000s\000t\000i\000c\000s\000\040\000b\000y\000\040\000p\000r\000o\000t\000e\000c\000t\000e\000d\000\040\000a\000r\000e\000a\000s}{section.10}% 26
\BOOKMARK [2][-]{subsection.10.4}{\376\377\000Z\000o\000n\000a\000l\000\040\000s\000t\000a\000t\000i\000s\000t\000i\000c\000s\000\040\000b\000y\000\040\000g\000r\000i\000d\000\040\000u\000s\000e\000d\000\040\000i\000n\000\040\000t\000h\000e\000\040\000l\000o\000n\000g\000-\000t\000e\000r\000m\000\040\000a\000n\000a\000l\000y\000t\000i\000c\000a\000l\000\040\000a\000p\000p\000r\000o\000a\000c\000h}{section.10}% 27
\BOOKMARK [2][-]{subsection.10.5}{\376\377\000Z\000o\000n\000a\000l\000\040\000s\000t\000a\000t\000i\000s\000t\000i\000c\000s\000\040\000b\000y\000\040\000g\000r\000i\000d\000\040\000u\000s\000e\000d\000\040\000i\000n\000\040\000t\000h\000e\000\040\000a\000n\000n\000u\000a\000l\000\040\000a\000n\000a\000l\000y\000t\000i\000c\000a\000l\000\040\000a\000p\000p\000r\000o\000a\000c\000h}{section.10}% 28
\BOOKMARK [1][-]{section.11}{\376\377\000E\000x\000p\000l\000o\000r\000a\000t\000o\000r\000y\000\040\000d\000a\000t\000a\000\040\000a\000n\000a\000l\000i\000s\000y\000s\000\040\000\050\000E\000D\000A\000\051}{}% 29
\BOOKMARK [2][-]{subsection.11.1}{\376\377\000A\000t\000\040\000N\000a\000t\000i\000o\000n\000a\000l\000\040\000l\000e\000v\000e\000l\000,\000\040\000n\000o\000\040\000z\000o\000n\000a\000l\000\040\000a\000n\000a\000l\000y\000s\000i\000s}{section.11}% 30
\BOOKMARK [3][-]{subsubsection.11.1.1}{\376\377\000T\000r\000e\000e\000\040\000c\000a\000n\000o\000p\000y\000\040\000c\000o\000v\000e\000r\000\040\000o\000f\000\040\000y\000e\000a\000r\000\040\0002\0000\0000\0000\000\040\000c\000l\000a\000s\000s\000e\000s\000:\000\040\000a\000r\000e\000a\000\040\000i\000n\000\040\000k\000m\000\136\0002\000\040\000a\000n\000d\000\040\000p\000e\000r\000c\000e\000n\000t\000a\000g\000e\000s}{subsection.11.1}% 31
\BOOKMARK [3][-]{subsubsection.11.1.2}{\376\377\000Y\000e\000a\000r\000\040\000o\000f\000\040\000g\000r\000o\000s\000s\000\040\000f\000o\000r\000e\000s\000t\000\040\000c\000o\000v\000e\000r\000\040\000l\000o\000s\000s\000\040\000\050\0002\0000\0000\0001\000-\0002\0000\0001\0008\000\051\000:\000\040\000a\000r\000e\000a\000\040\000i\000n\000\040\000k\000m\000\136\0002\000\040\000a\000n\000d\000\040\000p\000e\000r\000c\000e\000n\000t\000a\000g\000e\000s}{subsection.11.1}% 32
\BOOKMARK [2][-]{subsection.11.2}{\376\377\000Z\000o\000n\000a\000l\000,\000\040\000b\000y\000\040\000p\000r\000o\000v\000i\000n\000c\000e\000s}{section.11}% 33
\BOOKMARK [2][-]{subsection.11.3}{\376\377\000Z\000o\000n\000a\000l\000,\000\040\000b\000y\000\040\000m\000u\000n\000i\000c\000i\000p\000a\000l\000i\000t\000i\000e\000s}{section.11}% 34
\BOOKMARK [2][-]{subsection.11.4}{\376\377\000Z\000o\000n\000a\000l\000,\000\040\000b\000y\000\040\000p\000r\000o\000t\000e\000c\000t\000e\000d\000\040\000a\000r\000e\000a\000s}{section.11}% 35
\BOOKMARK [2][-]{subsection.11.5}{\376\377\000Z\000o\000n\000a\000l\000,\000\040\000b\000y\000\040\000g\000r\000i\000d\000\040\000u\000s\000e\000d\000\040\000i\000n\000\040\000t\000h\000e\000\040\000l\000o\000n\000g\000-\000t\000e\000r\000m\000\040\000a\000n\000a\000l\000y\000t\000i\000c\000a\000l\000\040\000a\000p\000p\000r\000o\000a\000c\000h}{section.11}% 36
\BOOKMARK [2][-]{subsection.11.6}{\376\377\000Z\000o\000n\000a\000l\000,\000\040\000b\000y\000\040\000g\000r\000i\000d\000\040\000u\000s\000e\000d\000\040\000i\000n\000\040\000t\000h\000e\000\040\000a\000n\000n\000u\000a\000l\000\040\000a\000n\000a\000l\000y\000t\000i\000c\000a\000l\000\040\000a\000p\000p\000r\000o\000a\000c\000h}{section.11}% 37
\BOOKMARK [1][-]{subsection.11.6}{\376\377\000R\000e\000f\000e\000r\000e\000n\000c\000e\000s}{}% 38
